#
# A fatal error has been detected by the Java Runtime Environment:
#
#  SIGSEGV (0xb) at pc=0x000000010a6b553e, pid=692, tid=0x0000000000005703
#
# JRE version: OpenJDK Runtime Environment (8.0_202) (build 1.8.0_202-release-1483-b49-5587405)
# Java VM: OpenJDK 64-Bit Server VM (25.202-b49-5587405 mixed mode bsd-amd64 compressed oops)
# Problematic frame:
# J 3131 C2 org.objectweb.asm.Frame.execute(IILorg/objectweb/asm/Symbol;Lorg/objectweb/asm/SymbolTable;)V (2318 bytes) @ 0x000000010a6b553e [0x000000010a6b4620+0xf1e]
#
# Failed to write core dump. Core dumps have been disabled. To enable core dumping, try "ulimit -c unlimited" before starting Java again
#
# If you would like to submit a bug report, please visit:
#   http://bugreport.java.com/bugreport/crash.jsp
#

---------------  T H R E A D  ---------------

Current thread (0x00007fc8f7851000):  JavaThread "Daemon worker" [_thread_in_Java, id=22275, stack(0x000070000ce6a000,0x000070000cf6a000)]

siginfo: si_signo: 11 (SIGSEGV), si_code: 1 (SEGV_MAPERR), si_addr: 0x00000005a4b2d14c

Registers:
RAX=0x0000000000000001, RBX=0x00000007a4b2d110, RCX=0x0000000000000000, RDX=0x000000000000016f
RSP=0x000070000cf63ba0, RBP=0x00000007a4b149e0, RSI=0x00000007605655c8, RDI=0x00000007a4b149e0
R8 =0x0000000000000002, R9 =0x00000000f4962936, R10=0x00000000b4965a28, R11=0x00000005a4b2d140
R12=0x0000000000000000, R13=0x00000007a4ae8d40, R14=0x0000000002000007, R15=0x00007fc8f7851000
RIP=0x000000010a6b553e, EFLAGS=0x0000000000010202, ERR=0x0000000000000004
  TRAPNO=0x000000000000000e

Top of Stack: (sp=0x000070000cf63ba0)
0x000070000cf63ba0:   b4965a1b00000000 00000007a4b2d4d8
0x000070000cf63bb0:   0000000200000000 00000005a4b2d140
0x000070000cf63bc0:   00000007a4b2d110 ffffffff00000001
0x000070000cf63bd0:   000070000cf63d00 00000007a4b0ee28
0x000070000cf63be0:   0000700000000000 000000010a71356c
0x000070000cf63bf0:   000070000cf63c20 0000000105309b17
0x000070000cf63c00:   000070000cf63d00 000000010a484d64
0x000070000cf63c10:   0000000118c52548 000070000cf63d50
0x000070000cf63c20:   000070000cf63c70 0000000109f82326
0x000070000cf63c30:   00000007a491b5d8 000000011b8c0b2c
0x000070000cf63c40:   00000000000000b7 0000000760189680
0x000070000cf63c50:   00000007a4b2c978 00000007a4b2caa0
0x000070000cf63c60:   00000007a4b2caa0 00007fc800000000
0x000070000cf63c70:   00000007a4b2d4d8 0000000109c4dffd
0x000070000cf63c80:   000070000cf63d00 0000000109c4dffd
0x000070000cf63c90:   000070000cf63d00 0000000109c4dffd
0x000070000cf63ca0:   00000007a4b2c978 0000000109c4dffd
0x000070000cf63cb0:   00000007a4ae8d28 00000007a4b2caa0
0x000070000cf63cc0:   000070000cf63cc0 000000011b8c0b6a
0x000070000cf63cd0:   000070000cf63d50 000000011b8c3eb0
0x000070000cf63ce0:   0000000000000000 000000011b8c0c60
0x000070000cf63cf0:   000070000cf63cb0 000070000cf63d40
0x000070000cf63d00:   000070000cf63d98 0000000109c4e042
0x000070000cf63d10:   00000007a4b2ce20 00000007a4b2caa0
0x000070000cf63d20:   00000007a4b2ca48 00000007a4b2c978
0x000070000cf63d30:   00000007a4ae7700 00000007a4b2c838
0x000070000cf63d40:   00000007a4ae8298 00000007a4af56c8
0x000070000cf63d50:   00000007a4b0ed20 000070000cf63d58
0x000070000cf63d60:   000000011b881d39 000070000cf63dd0
0x000070000cf63d70:   000000011b882008 0000000000000000
0x000070000cf63d80:   000000011b881dc8 000070000cf63d40
0x000070000cf63d90:   000070000cf63dc8 000070000cf63e18 

Instructions: (pc=0x000000010a6b553e)
0x000000010a6b551e:   cb 49 c1 e9 03 44 89 4b 24 49 c1 ea 09 49 b9 00
0x000000010a6b552e:   c0 7b 02 01 00 00 00 47 88 24 11 4c 89 5c 24 18
0x000000010a6b553e:   45 8b 53 0c 45 3b c2 0f 8d 51 36 00 00 44 0f bf
0x000000010a6b554e:   43 10 0f bf 6b 12 8b 4b 14 44 8b cd 41 ff c1 66 

Register to memory mapping:

RAX=0x0000000000000001 is an unknown value
RBX=0x00000007a4b2d110 is an oop
org.objectweb.asm.Frame 
 - klass: 'org/objectweb/asm/Frame'
RCX=0x0000000000000000 is an unknown value
RDX=0x000000000000016f is an unknown value
RSP=0x000070000cf63ba0 is pointing into the stack for thread: 0x00007fc8f7851000
RBP=0x00000007a4b149e0 is an oop
org.objectweb.asm.SymbolTable$Entry 
 - klass: 'org/objectweb/asm/SymbolTable$Entry'
RSI=0x00000007605655c8 is an oop
[C 
 - klass: {type array char}
 - length: 15
RDI=0x00000007a4b149e0 is an oop
org.objectweb.asm.SymbolTable$Entry 
 - klass: 'org/objectweb/asm/SymbolTable$Entry'
R8 =0x0000000000000002 is an unknown value
R9 =0x00000000f4962936 is an unknown value
R10=0x00000000b4965a28 is an unknown value
R11=0x00000005a4b2d140 is an unknown value
R12=0x0000000000000000 is an unknown value
R13=0x00000007a4ae8d40 is an oop
[C 
 - klass: {type array char}
 - length: 15
R14=0x0000000002000007 is an unknown value
R15=0x00007fc8f7851000 is a thread


Stack: [0x000070000ce6a000,0x000070000cf6a000],  sp=0x000070000cf63ba0,  free space=998k
Native frames: (J=compiled Java code, j=interpreted, Vv=VM code, C=native code)
J 3131 C2 org.objectweb.asm.Frame.execute(IILorg/objectweb/asm/Symbol;Lorg/objectweb/asm/SymbolTable;)V (2318 bytes) @ 0x000000010a6b553e [0x000000010a6b4620+0xf1e]
J 2308 C1 org.objectweb.asm.MethodWriter.visitLdcInsn(Ljava/lang/Object;)V (215 bytes) @ 0x000000010a484d64 [0x000000010a4844e0+0x884]
j  org.gradle.internal.instantiation.AsmBackedClassGenerator$ClassBuilderImpl.applyConventionMappingToGetter(Lorg/gradle/internal/instantiation/AbstractClassGenerator$PropertyMetadata;Ljava/lang/reflect/Method;)V+258
j  org.gradle.internal.instantiation.AbstractClassGenerator$ExtensibleTypePropertyHandler.applyTo(Lorg/gradle/internal/instantiation/AbstractClassGenerator$ClassGenerationVisitor;)V+121
j  org.gradle.internal.instantiation.AbstractClassGenerator.generateUnderLock(Ljava/lang/Class;)Lorg/gradle/internal/instantiation/ClassGenerator$GeneratedClass;+485
j  org.gradle.internal.instantiation.AbstractClassGenerator.generate(Ljava/lang/Class;)Lorg/gradle/internal/instantiation/ClassGenerator$GeneratedClass;+10
j  org.gradle.internal.instantiation.AsmBackedClassGenerator.generate(Ljava/lang/Class;)Lorg/gradle/internal/instantiation/ClassGenerator$GeneratedClass;+2
j  org.gradle.internal.instantiation.Jsr330ConstructorSelector$1.transform(Ljava/lang/Class;)Lorg/gradle/internal/instantiation/Jsr330ConstructorSelector$CachedConstructor;+18
j  org.gradle.internal.instantiation.Jsr330ConstructorSelector$1.transform(Ljava/lang/Object;)Ljava/lang/Object;+5
j  org.gradle.cache.internal.DefaultCrossBuildInMemoryCacheFactory$DefaultCrossBuildInMemoryCache.get(Ljava/lang/Object;Lorg/gradle/api/Transformer;)Ljava/lang/Object;+26
j  org.gradle.internal.instantiation.Jsr330ConstructorSelector.forType(Ljava/lang/Class;)Lorg/gradle/internal/instantiation/ClassGenerator$GeneratedConstructor;+14
j  org.gradle.internal.instantiation.Jsr330ConstructorSelector.forParams(Ljava/lang/Class;[Ljava/lang/Object;)Lorg/gradle/internal/instantiation/ClassGenerator$GeneratedConstructor;+2
j  org.gradle.internal.instantiation.DependencyInjectingInstantiator.newInstance(Ljava/lang/Class;[Ljava/lang/Object;)Ljava/lang/Object;+6
j  org.gradle.api.internal.model.DefaultObjectFactory.newInstance(Ljava/lang/Class;[Ljava/lang/Object;)Ljava/lang/Object;+6
j  com.android.build.gradle.BaseExtension.<init>(Lorg/gradle/api/Project;Lcom/android/build/gradle/options/ProjectOptions;Lcom/android/build/gradle/internal/scope/GlobalScope;Lorg/gradle/api/NamedDomainObjectContainer;Lorg/gradle/api/NamedDomainObjectContainer;Lorg/gradle/api/NamedDomainObjectContainer;Lorg/gradle/api/NamedDomainObjectContainer;Lcom/android/build/gradle/internal/dependency/SourceSetManager;Lcom/android/build/gradle/internal/ExtraModelInfo;Z)V+171
j  com.android.build.gradle.TestedExtension.<init>(Lorg/gradle/api/Project;Lcom/android/build/gradle/options/ProjectOptions;Lcom/android/build/gradle/internal/scope/GlobalScope;Lorg/gradle/api/NamedDomainObjectContainer;Lorg/gradle/api/NamedDomainObjectContainer;Lorg/gradle/api/NamedDomainObjectContainer;Lorg/gradle/api/NamedDomainObjectContainer;Lcom/android/build/gradle/internal/dependency/SourceSetManager;Lcom/android/build/gradle/internal/ExtraModelInfo;Z)V+18
j  com.android.build.gradle.AppExtension.<init>(Lorg/gradle/api/Project;Lcom/android/build/gradle/options/ProjectOptions;Lcom/android/build/gradle/internal/scope/GlobalScope;Lorg/gradle/api/NamedDomainObjectContainer;Lorg/gradle/api/NamedDomainObjectContainer;Lorg/gradle/api/NamedDomainObjectContainer;Lorg/gradle/api/NamedDomainObjectContainer;Lcom/android/build/gradle/internal/dependency/SourceSetManager;Lcom/android/build/gradle/internal/ExtraModelInfo;Z)V+18
j  com.android.build.gradle.internal.dsl.BaseAppModuleExtension.<init>(Lorg/gradle/api/Project;Lcom/android/build/gradle/options/ProjectOptions;Lcom/android/build/gradle/internal/scope/GlobalScope;Lorg/gradle/api/NamedDomainObjectContainer;Lorg/gradle/api/NamedDomainObjectContainer;Lorg/gradle/api/NamedDomainObjectContainer;Lorg/gradle/api/NamedDomainObjectContainer;Lcom/android/build/gradle/internal/dependency/SourceSetManager;Lcom/android/build/gradle/internal/ExtraModelInfo;Z)V+78
j  com.android.build.gradle.internal.dsl.BaseAppModuleExtension_Decorated.<init>(Lorg/gradle/api/Project;Lcom/android/build/gradle/options/ProjectOptions;Lcom/android/build/gradle/internal/scope/GlobalScope;Lorg/gradle/api/NamedDomainObjectContainer;Lorg/gradle/api/NamedDomainObjectContainer;Lorg/gradle/api/NamedDomainObjectContainer;Lorg/gradle/api/NamedDomainObjectContainer;Lcom/android/build/gradle/internal/dependency/SourceSetManager;Lcom/android/build/gradle/internal/ExtraModelInfo;Z)V+18
v  ~StubRoutines::call_stub
V  [libjvm.dylib+0x2c4754]  JavaCalls::call_helper(JavaValue*, methodHandle*, JavaCallArguments*, Thread*)+0x68e
V  [libjvm.dylib+0x49af27]  Reflection::invoke(instanceKlassHandle, methodHandle, Handle, bool, objArrayHandle, BasicType, objArrayHandle, bool, Thread*)+0x72f
V  [libjvm.dylib+0x49bdf4]  Reflection::invoke_constructor(oopDesc*, objArrayHandle, Thread*)+0x1f8
V  [libjvm.dylib+0x317eab]  JVM_NewInstanceFromConstructor+0x10d
J 2079  sun.reflect.NativeConstructorAccessorImpl.newInstance0(Ljava/lang/reflect/Constructor;[Ljava/lang/Object;)Ljava/lang/Object; (0 bytes) @ 0x000000010a39bfd5 [0x000000010a39bf00+0xd5]
J 2078 C1 sun.reflect.NativeConstructorAccessorImpl.newInstance([Ljava/lang/Object;)Ljava/lang/Object; (89 bytes) @ 0x000000010a39f0bc [0x000000010a39e040+0x107c]
J 1943 C1 sun.reflect.DelegatingConstructorAccessorImpl.newInstance([Ljava/lang/Object;)Ljava/lang/Object; (9 bytes) @ 0x000000010a349ccc [0x000000010a349bc0+0x10c]
J 1560 C1 java.lang.reflect.Constructor.newInstance([Ljava/lang/Object;)Ljava/lang/Object; (87 bytes) @ 0x000000010a13398c [0x000000010a1334c0+0x4cc]
j  org.gradle.internal.instantiation.AsmBackedClassGenerator.newInstance(Ljava/lang/reflect/Constructor;Lorg/gradle/internal/service/ServiceLookup;Lorg/gradle/internal/reflect/Instantiator;[Ljava/lang/Object;)Ljava/lang/Object;+34
j  org.gradle.internal.instantiation.AbstractClassGenerator$GeneratedClassImpl$GeneratedConstructorImpl.newInstance(Lorg/gradle/internal/service/ServiceLookup;Lorg/gradle/internal/reflect/Instantiator;[Ljava/lang/Object;)Ljava/lang/Object;+14
j  org.gradle.internal.instantiation.DependencyInjectingInstantiator.newInstance(Ljava/lang/Class;[Ljava/lang/Object;)Ljava/lang/Object;+33
j  org.gradle.internal.extensibility.DefaultConvention.instantiate(Ljava/lang/Class;[Ljava/lang/Object;)Ljava/lang/Object;+6
j  org.gradle.internal.extensibility.DefaultConvention.create(Ljava/lang/String;Ljava/lang/Class;[Ljava/lang/Object;)Ljava/lang/Object;+3
j  com.android.build.gradle.AbstractAppPlugin.createExtension(Lorg/gradle/api/Project;Lcom/android/build/gradle/options/ProjectOptions;Lcom/android/build/gradle/internal/scope/GlobalScope;Lorg/gradle/api/NamedDomainObjectContainer;Lorg/gradle/api/NamedDomainObjectContainer;Lorg/gradle/api/NamedDomainObjectContainer;Lorg/gradle/api/NamedDomainObjectContainer;Lcom/android/build/gradle/internal/dependency/SourceSetManager;Lcom/android/build/gradle/internal/ExtraModelInfo;)Lcom/android/build/gradle/BaseExtension;+73
j  com.android.build.gradle.BasePlugin.configureExtension()V+204
j  com.android.build.gradle.BasePlugin$$Lambda$72.call()V+4
j  com.android.builder.profile.ThreadRecorder.record(Lcom/google/wireless/android/sdk/stats/GradleBuildProfileSpan$ExecutionType;Ljava/lang/String;Ljava/lang/String;Lcom/android/builder/profile/Recorder$VoidBlock;)V+17
j  com.android.build.gradle.BasePlugin.basePluginApply(Lorg/gradle/api/Project;)V+209
j  com.android.build.gradle.BasePlugin.lambda$apply$0(Lorg/gradle/api/Project;)V+2
j  com.android.build.gradle.BasePlugin$$Lambda$30.run()V+8
j  com.android.build.gradle.internal.crash.CrashReporting.runAction(Ljava/lang/Runnable;)V+8
j  com.android.build.gradle.BasePlugin.apply(Lorg/gradle/api/Project;)V+7
j  com.android.build.gradle.BasePlugin.apply(Ljava/lang/Object;)V+5
j  org.gradle.api.internal.plugins.ImperativeOnlyPluginTarget.applyImperative(Ljava/lang/String;Lorg/gradle/api/Plugin;)V+13
j  org.gradle.api.internal.plugins.RuleBasedPluginTarget.applyImperative(Ljava/lang/String;Lorg/gradle/api/Plugin;)V+6
j  org.gradle.api.internal.plugins.DefaultPluginManager.addPlugin(Ljava/lang/Runnable;Lorg/gradle/api/internal/plugins/PluginImplementation;Ljava/lang/String;Ljava/lang/Class;)V+52
j  org.gradle.api.internal.plugins.DefaultPluginManager.access$300(Lorg/gradle/api/internal/plugins/DefaultPluginManager;Ljava/lang/Runnable;Lorg/gradle/api/internal/plugins/PluginImplementation;Ljava/lang/String;Ljava/lang/Class;)V+6
j  org.gradle.api.internal.plugins.DefaultPluginManager$AddPluginBuildOperation.run(Lorg/gradle/internal/operations/BuildOperationContext;)V+20
j  org.gradle.internal.operations.DefaultBuildOperationExecutor$RunnableBuildOperationWorker.execute(Lorg/gradle/internal/operations/RunnableBuildOperation;Lorg/gradle/internal/operations/BuildOperationContext;)V+2
j  org.gradle.internal.operations.DefaultBuildOperationExecutor$RunnableBuildOperationWorker.execute(Lorg/gradle/internal/operations/BuildOperation;Lorg/gradle/internal/operations/BuildOperationContext;)V+6
j  org.gradle.internal.operations.DefaultBuildOperationExecutor$1.execute(Lorg/gradle/internal/operations/BuildOperationDescriptor;Lorg/gradle/internal/operations/DefaultBuildOperationExecutor$DefaultBuildOperationContext;Lorg/gradle/internal/operations/DefaultBuildOperationExecutor$BuildOperationExecutionListener;)Lorg/gradle/internal/operations/BuildOperation;+18
j  org.gradle.internal.operations.DefaultBuildOperationExecutor.execute(Lorg/gradle/internal/operations/BuildOperationDescriptor$Builder;Lorg/gradle/internal/operations/DefaultBuildOperationExecutor$BuildOperationState;Lorg/gradle/internal/operations/DefaultBuildOperationExecutor$BuildOperationExecution;)Lorg/gradle/internal/operations/BuildOperation;+105
j  org.gradle.internal.operations.DefaultBuildOperationExecutor.execute(Lorg/gradle/internal/operations/BuildOperation;Lorg/gradle/internal/operations/BuildOperationWorker;Lorg/gradle/internal/operations/DefaultBuildOperationExecutor$BuildOperationState;)V+22
j  org.gradle.internal.operations.DefaultBuildOperationExecutor.run(Lorg/gradle/internal/operations/RunnableBuildOperation;)V+10
j  org.gradle.internal.operations.DelegatingBuildOperationExecutor.run(Lorg/gradle/internal/operations/RunnableBuildOperation;)V+5
j  org.gradle.api.internal.plugins.DefaultPluginManager$2.execute(Lorg/gradle/configuration/internal/UserCodeApplicationId;)V+36
j  org.gradle.api.internal.plugins.DefaultPluginManager$2.execute(Ljava/lang/Object;)V+5
j  org.gradle.configuration.internal.DefaultUserCodeApplicationContext.apply(Lorg/gradle/api/Action;)V+19
j  org.gradle.api.internal.plugins.DefaultPluginManager.doApply(Lorg/gradle/api/internal/plugins/PluginImplementation;)V+128
j  org.gradle.api.internal.plugins.DefaultPluginManager.apply(Ljava/lang/String;)V+52
j  org.gradle.api.internal.plugins.DefaultObjectConfigurationAction.applyType(Ljava/lang/String;)V+43
j  org.gradle.api.internal.plugins.DefaultObjectConfigurationAction.access$200(Lorg/gradle/api/internal/plugins/DefaultObjectConfigurationAction;Ljava/lang/String;)V+2
j  org.gradle.api.internal.plugins.DefaultObjectConfigurationAction$3.run()V+8
j  org.gradle.api.internal.plugins.DefaultObjectConfigurationAction.execute()V+58
j  org.gradle.api.internal.project.AbstractPluginAware.apply(Ljava/util/Map;)V+12
j  org.gradle.api.internal.project.ProjectScript.apply(Ljava/util/Map;)V+5
j  org.gradle.api.Script$apply$0.callCurrent(Lgroovy/lang/GroovyObject;[Ljava/lang/Object;)Ljava/lang/Object;+19
j  org.codehaus.groovy.runtime.callsite.CallSiteArray.defaultCallCurrent(Lorg/codehaus/groovy/runtime/callsite/CallSite;Lgroovy/lang/GroovyObject;[Ljava/lang/Object;)Ljava/lang/Object;+17
j  org.codehaus.groovy.runtime.callsite.AbstractCallSite.callCurrent(Lgroovy/lang/GroovyObject;[Ljava/lang/Object;)Ljava/lang/Object;+3
j  org.codehaus.groovy.runtime.callsite.AbstractCallSite.callCurrent(Lgroovy/lang/GroovyObject;Ljava/lang/Object;)Ljava/lang/Object;+33
j  build_83lawx2o4wxy24gwsu2cgezjg.run()Ljava/lang/Object;+26
j  org.gradle.groovy.scripts.internal.DefaultScriptRunnerFactory$ScriptRunnerImpl.run(Ljava/lang/Object;Lorg/gradle/internal/service/ServiceRegistry;)V+57
j  org.gradle.configuration.DefaultScriptPluginFactory$ScriptPluginImpl$2.run()V+12
j  org.gradle.configuration.ProjectScriptTarget.addConfiguration(Ljava/lang/Runnable;Z)V+18
j  org.gradle.configuration.DefaultScriptPluginFactory$ScriptPluginImpl.apply(Ljava/lang/Object;)V+649
j  org.gradle.configuration.BuildOperationScriptPlugin$1$1.run(Lorg/gradle/internal/operations/BuildOperationContext;)V+17
j  org.gradle.internal.operations.DefaultBuildOperationExecutor$RunnableBuildOperationWorker.execute(Lorg/gradle/internal/operations/RunnableBuildOperation;Lorg/gradle/internal/operations/BuildOperationContext;)V+2
j  org.gradle.internal.operations.DefaultBuildOperationExecutor$RunnableBuildOperationWorker.execute(Lorg/gradle/internal/operations/BuildOperation;Lorg/gradle/internal/operations/BuildOperationContext;)V+6
j  org.gradle.internal.operations.DefaultBuildOperationExecutor$1.execute(Lorg/gradle/internal/operations/BuildOperationDescriptor;Lorg/gradle/internal/operations/DefaultBuildOperationExecutor$DefaultBuildOperationContext;Lorg/gradle/internal/operations/DefaultBuildOperationExecutor$BuildOperationExecutionListener;)Lorg/gradle/internal/operations/BuildOperation;+18
j  org.gradle.internal.operations.DefaultBuildOperationExecutor.execute(Lorg/gradle/internal/operations/BuildOperationDescriptor$Builder;Lorg/gradle/internal/operations/DefaultBuildOperationExecutor$BuildOperationState;Lorg/gradle/internal/operations/DefaultBuildOperationExecutor$BuildOperationExecution;)Lorg/gradle/internal/operations/BuildOperation;+105
j  org.gradle.internal.operations.DefaultBuildOperationExecutor.execute(Lorg/gradle/internal/operations/BuildOperation;Lorg/gradle/internal/operations/BuildOperationWorker;Lorg/gradle/internal/operations/DefaultBuildOperationExecutor$BuildOperationState;)V+22
j  org.gradle.internal.operations.DefaultBuildOperationExecutor.run(Lorg/gradle/internal/operations/RunnableBuildOperation;)V+10
j  org.gradle.internal.operations.DelegatingBuildOperationExecutor.run(Lorg/gradle/internal/operations/RunnableBuildOperation;)V+5
j  org.gradle.configuration.BuildOperationScriptPlugin$1.execute(Lorg/gradle/configuration/internal/UserCodeApplicationId;)V+16
j  org.gradle.configuration.BuildOperationScriptPlugin$1.execute(Ljava/lang/Object;)V+5
j  org.gradle.configuration.internal.DefaultUserCodeApplicationContext.apply(Lorg/gradle/api/Action;)V+19
j  org.gradle.configuration.BuildOperationScriptPlugin.apply(Ljava/lang/Object;)V+54
j  org.gradle.configuration.project.BuildScriptProcessor$1.run()V+8
j  org.gradle.internal.Factories$1.create()Ljava/lang/Object;+4
j  org.gradle.api.internal.project.DefaultProjectStateRegistry$ProjectStateImpl.withMutableState(Lorg/gradle/internal/Factory;)Ljava/lang/Object;+59
j  org.gradle.api.internal.project.DefaultProjectStateRegistry$ProjectStateImpl.withMutableState(Ljava/lang/Runnable;)V+5
j  org.gradle.configuration.project.BuildScriptProcessor.execute(Lorg/gradle/api/internal/project/ProjectInternal;)V+88
j  org.gradle.configuration.project.BuildScriptProcessor.execute(Ljava/lang/Object;)V+5
j  org.gradle.configuration.project.ConfigureActionsProjectEvaluator.evaluate(Lorg/gradle/api/internal/project/ProjectInternal;Lorg/gradle/api/internal/project/ProjectStateInternal;)V+33
j  org.gradle.configuration.project.LifecycleProjectEvaluator$EvaluateProject$1.run()V+94
j  org.gradle.internal.Factories$1.create()Ljava/lang/Object;+4
j  org.gradle.internal.work.DefaultWorkerLeaseService.withLocks(Ljava/lang/Iterable;Lorg/gradle/internal/Factory;)Ljava/lang/Object;+26
j  org.gradle.internal.work.StopShieldingWorkerLeaseService.withLocks(Ljava/lang/Iterable;Lorg/gradle/internal/Factory;)Ljava/lang/Object;+6
j  org.gradle.api.internal.project.DefaultProjectStateRegistry$ProjectStateImpl.withProjectLock(Lorg/gradle/internal/resources/ResourceLock;Lorg/gradle/internal/Factory;)Ljava/lang/Object;+12
j  org.gradle.api.internal.project.DefaultProjectStateRegistry$ProjectStateImpl.withMutableState(Lorg/gradle/internal/Factory;)Ljava/lang/Object;+134
...<more frames>...


---------------  P R O C E S S  ---------------

Java Threads: ( => current thread )
  0x00007fc8fb998000 JavaThread "Cache worker for Build Output Cleanup Cache (/Users/gilbertoacevedo/AndroidStudioProjects/McWenderlich-1/PhoneDialer/.gradle/buildOutputCleanup)" [_thread_blocked, id=3335, stack(0x000070000dd97000,0x000070000de97000)]
  0x00007fc8facaa000 JavaThread "Build operations Thread 4" [_thread_blocked, id=39171, stack(0x000070000dc94000,0x000070000dd94000)]
  0x00007fc8fb886000 JavaThread "Build operations Thread 3" [_thread_blocked, id=39683, stack(0x000070000db91000,0x000070000dc91000)]
  0x00007fc8fb88a000 JavaThread "Build operations Thread 2" [_thread_blocked, id=24835, stack(0x000070000da8e000,0x000070000db8e000)]
  0x00007fc8fb10b000 JavaThread "Build operations" [_thread_blocked, id=40195, stack(0x000070000d98b000,0x000070000da8b000)]
  0x00007fc8f63dc800 JavaThread "Cache worker for execution history cache (/Users/gilbertoacevedo/.gradle/caches/5.4.1/executionHistory)" [_thread_blocked, id=40451, stack(0x000070000d888000,0x000070000d988000)]
  0x00007fc8fb0d3800 JavaThread "Cache worker for cache directory md-rule (/Users/gilbertoacevedo/.gradle/caches/5.4.1/md-rule)" [_thread_blocked, id=40963, stack(0x000070000d785000,0x000070000d885000)]
  0x00007fc8fb866800 JavaThread "Cache worker for cache directory md-supplier (/Users/gilbertoacevedo/.gradle/caches/5.4.1/md-supplier)" [_thread_blocked, id=24067, stack(0x000070000d682000,0x000070000d782000)]
  0x00007fc8f7b71000 JavaThread "Cache worker for file hash cache (/Users/gilbertoacevedo/AndroidStudioProjects/McWenderlich-1/PhoneDialer/.gradle/5.4.1/fileHashes)" [_thread_blocked, id=23811, stack(0x000070000d57f000,0x000070000d67f000)]
  0x00007fc8f730b800 JavaThread "Cache worker for journal cache (/Users/gilbertoacevedo/.gradle/caches/journal-1)" [_thread_blocked, id=41731, stack(0x000070000d47c000,0x000070000d57c000)]
  0x00007fc8f785a800 JavaThread "File lock request listener" [_thread_in_native, id=23299, stack(0x000070000d379000,0x000070000d479000)]
  0x00007fc8f730b000 JavaThread "Cache worker for file hash cache (/Users/gilbertoacevedo/.gradle/caches/5.4.1/fileHashes)" [_thread_blocked, id=42243, stack(0x000070000d276000,0x000070000d376000)]
  0x00007fc8f5a3f000 JavaThread "Thread-9" [_thread_blocked, id=42499, stack(0x000070000d173000,0x000070000d273000)]
  0x00007fc8f7854800 JavaThread "Stdin handler" [_thread_blocked, id=22787, stack(0x000070000d070000,0x000070000d170000)]
  0x00007fc8f66b9000 JavaThread "Asynchronous log dispatcher for DefaultDaemonConnection: socket connection from /127.0.0.1:49707 to /127.0.0.1:49708" [_thread_blocked, id=43267, stack(0x000070000cf6d000,0x000070000d06d000)]
=>0x00007fc8f7851000 JavaThread "Daemon worker" [_thread_in_Java, id=22275, stack(0x000070000ce6a000,0x000070000cf6a000)]
  0x00007fc8f66af000 JavaThread "Cancel handler" [_thread_blocked, id=21763, stack(0x000070000cd67000,0x000070000ce67000)]
  0x00007fc8f7844800 JavaThread "Handler for socket connection from /127.0.0.1:49707 to /127.0.0.1:49708" [_thread_in_native, id=14595, stack(0x000070000cc64000,0x000070000cd64000)]
  0x00007fc8f7846000 JavaThread "Daemon" [_thread_blocked, id=14339, stack(0x000070000cb61000,0x000070000cc61000)]
  0x00007fc8f7844000 JavaThread "Daemon periodic checks" [_thread_blocked, id=14083, stack(0x000070000ca5e000,0x000070000cb5e000)]
  0x00007fc8f7824000 JavaThread "Incoming local TCP Connector on port 49707" [_thread_in_native, id=13827, stack(0x000070000c95b000,0x000070000ca5b000)]
  0x00007fc8f59fb000 JavaThread "Daemon health stats" [_thread_blocked, id=15875, stack(0x000070000c858000,0x000070000c958000)]
  0x00007fc8f7053800 JavaThread "Service Thread" daemon [_thread_blocked, id=16643, stack(0x000070000c652000,0x000070000c752000)]
  0x00007fc8f682b000 JavaThread "C1 CompilerThread2" daemon [_thread_blocked, id=17155, stack(0x000070000c54f000,0x000070000c64f000)]
  0x00007fc8f682a800 JavaThread "C2 CompilerThread1" daemon [_thread_in_native, id=17411, stack(0x000070000c44c000,0x000070000c54c000)]
  0x00007fc8f6800800 JavaThread "C2 CompilerThread0" daemon [_thread_in_native, id=17667, stack(0x000070000c349000,0x000070000c449000)]
  0x00007fc8f6819800 JavaThread "Signal Dispatcher" daemon [_thread_blocked, id=12291, stack(0x000070000c246000,0x000070000c346000)]
  0x00007fc8f6817000 JavaThread "Finalizer" daemon [_thread_blocked, id=19459, stack(0x000070000c143000,0x000070000c243000)]
  0x00007fc8f6816800 JavaThread "Reference Handler" daemon [_thread_blocked, id=19715, stack(0x000070000c040000,0x000070000c140000)]
  0x00007fc8f6802000 JavaThread "main" [_thread_blocked, id=5891, stack(0x000070000ba2e000,0x000070000bb2e000)]

Other Threads:
  0x00007fc8f5814800 VMThread [stack: 0x000070000bf3d000,0x000070000c03d000] [id=20227]
  0x00007fc8f7054800 WatcherThread [stack: 0x000070000c755000,0x000070000c855000] [id=13315]

VM state:not at safepoint (normal execution)

VM Mutex/Monitor currently owned by a thread: None

heap address: 0x0000000760000000, size: 1536 MB, Compressed Oops mode: Zero based, Oop shift amount: 3
Narrow klass base: 0x0000000000000000, Narrow klass shift: 3
Compressed class space size: 1073741824 Address: 0x00000007c0000000

Heap:
 PSYoungGen      total 272896K, used 77232K [0x00000007a0000000, 0x00000007b2880000, 0x00000007c0000000)
  eden space 262144K, 29% used [0x00000007a0000000,0x00000007a4b6c2a0,0x00000007b0000000)
  from space 10752K, 0% used [0x00000007b0000000,0x00000007b0000000,0x00000007b0a80000)
  to   space 14848K, 0% used [0x00000007b1a00000,0x00000007b1a00000,0x00000007b2880000)
 ParOldGen       total 182784K, used 18221K [0x0000000760000000, 0x000000076b280000, 0x00000007a0000000)
  object space 182784K, 9% used [0x0000000760000000,0x00000007611cb790,0x000000076b280000)
 Metaspace       used 42472K, capacity 43550K, committed 43776K, reserved 1087488K
  class space    used 5760K, capacity 6025K, committed 6144K, reserved 1048576K

Card table byte_map: [0x00000001062bc000,0x00000001065bd000] byte_map_base: 0x00000001027bc000

Marking Bits: (ParMarkBitMap*) 0x000000010581bf78
 Begin Bits: [0x00000001067bd000, 0x0000000107fbd000)
 End Bits:   [0x0000000107fbd000, 0x00000001097bd000)

Polling page: 0x00000001047e6000

CodeCache: size=245760Kb used=11486Kb max_used=11497Kb free=234273Kb
 bounds [0x0000000109c46000, 0x000000010a786000, 0x0000000118c46000]
 total_blobs=4228 nmethods=3492 adapters=649
 compilation: enabled

Compilation events (10 events):
Event: 6.371 Thread 0x00007fc8f682b000 nmethod 3558 0x0000000109d5f350 code [0x0000000109d5f4a0, 0x0000000109d5f5b0]
Event: 6.378 Thread 0x00007fc8f6800800 nmethod 3527 0x000000010a77b4d0 code [0x000000010a77b740, 0x000000010a77c760]
Event: 6.378 Thread 0x00007fc8f6800800 3554  s    4       java.io.ByteArrayOutputStream::write (32 bytes)
Event: 6.379 Thread 0x00007fc8f682b000 3559       3       java.lang.ClassLoader::compareCerts (149 bytes)
Event: 6.380 Thread 0x00007fc8f682b000 nmethod 3559 0x0000000109d6da10 code [0x0000000109d6dbe0, 0x0000000109d6e478]
Event: 6.380 Thread 0x00007fc8f682b000 3560       3       java.security.CodeSource::getCertificates (98 bytes)
Event: 6.381 Thread 0x00007fc8f682b000 nmethod 3560 0x000000010a766410 code [0x000000010a766620, 0x000000010a7671a8]
Event: 6.383 Thread 0x00007fc8f6800800 nmethod 3554 0x0000000109d73710 code [0x0000000109d73880, 0x0000000109d73e28]
Event: 6.383 Thread 0x00007fc8f6800800 3530   !   4       java.lang.StringCoding$StringDecoder::decode (179 bytes)
Event: 6.385 Thread 0x00007fc8f682b000 3561       3       org.gradle.internal.instantiation.AsmBackedClassGenerator$ClassBuilderImpl::applyConventionMappingToGetter (349 bytes)

GC Heap History (10 events):
Event: 2.507 GC heap before
{Heap before GC invocations=3 (full 0):
 PSYoungGen      total 141824K, used 63787K [0x00000007a0000000, 0x00000007a9500000, 0x00000007c0000000)
  eden space 131072K, 40% used [0x00000007a0000000,0x00000007a342acb8,0x00000007a8000000)
  from space 10752K, 96% used [0x00000007a8a80000,0x00000007a94a0070,0x00000007a9500000)
  to   space 10752K, 0% used [0x00000007a8000000,0x00000007a8000000,0x00000007a8a80000)
 ParOldGen       total 175104K, used 16K [0x0000000760000000, 0x000000076ab00000, 0x00000007a0000000)
  object space 175104K, 0% used [0x0000000760000000,0x0000000760004000,0x000000076ab00000)
 Metaspace       used 20686K, capacity 21148K, committed 21296K, reserved 1067008K
  class space    used 2941K, capacity 3118K, committed 3200K, reserved 1048576K
Event: 2.520 GC heap after
Heap after GC invocations=3 (full 0):
 PSYoungGen      total 141824K, used 10723K [0x00000007a0000000, 0x00000007b1500000, 0x00000007c0000000)
  eden space 131072K, 0% used [0x00000007a0000000,0x00000007a0000000,0x00000007a8000000)
  from space 10752K, 99% used [0x00000007a8000000,0x00000007a8a78c18,0x00000007a8a80000)
  to   space 10752K, 0% used [0x00000007b0a80000,0x00000007b0a80000,0x00000007b1500000)
 ParOldGen       total 175104K, used 618K [0x0000000760000000, 0x000000076ab00000, 0x00000007a0000000)
  object space 175104K, 0% used [0x0000000760000000,0x000000076009abe0,0x000000076ab00000)
 Metaspace       used 20686K, capacity 21148K, committed 21296K, reserved 1067008K
  class space    used 2941K, capacity 3118K, committed 3200K, reserved 1048576K
}
Event: 2.520 GC heap before
{Heap before GC invocations=4 (full 1):
 PSYoungGen      total 141824K, used 10723K [0x00000007a0000000, 0x00000007b1500000, 0x00000007c0000000)
  eden space 131072K, 0% used [0x00000007a0000000,0x00000007a0000000,0x00000007a8000000)
  from space 10752K, 99% used [0x00000007a8000000,0x00000007a8a78c18,0x00000007a8a80000)
  to   space 10752K, 0% used [0x00000007b0a80000,0x00000007b0a80000,0x00000007b1500000)
 ParOldGen       total 175104K, used 618K [0x0000000760000000, 0x000000076ab00000, 0x00000007a0000000)
  object space 175104K, 0% used [0x0000000760000000,0x000000076009abe0,0x000000076ab00000)
 Metaspace       used 20686K, capacity 21148K, committed 21296K, reserved 1067008K
  class space    used 2941K, capacity 3118K, committed 3200K, reserved 1048576K
Event: 2.566 GC heap after
Heap after GC invocations=4 (full 1):
 PSYoungGen      total 141824K, used 0K [0x00000007a0000000, 0x00000007b1500000, 0x00000007c0000000)
  eden space 131072K, 0% used [0x00000007a0000000,0x00000007a0000000,0x00000007a8000000)
  from space 10752K, 0% used [0x00000007a8000000,0x00000007a8000000,0x00000007a8a80000)
  to   space 10752K, 0% used [0x00000007b0a80000,0x00000007b0a80000,0x00000007b1500000)
 ParOldGen       total 113152K, used 10986K [0x0000000760000000, 0x0000000766e80000, 0x00000007a0000000)
  object space 113152K, 9% used [0x0000000760000000,0x0000000760abaa90,0x0000000766e80000)
 Metaspace       used 20686K, capacity 21148K, committed 21296K, reserved 1067008K
  class space    used 2941K, capacity 3118K, committed 3200K, reserved 1048576K
}
Event: 4.309 GC heap before
{Heap before GC invocations=5 (full 1):
 PSYoungGen      total 141824K, used 131072K [0x00000007a0000000, 0x00000007b1500000, 0x00000007c0000000)
  eden space 131072K, 100% used [0x00000007a0000000,0x00000007a8000000,0x00000007a8000000)
  from space 10752K, 0% used [0x00000007a8000000,0x00000007a8000000,0x00000007a8a80000)
  to   space 10752K, 0% used [0x00000007b0a80000,0x00000007b0a80000,0x00000007b1500000)
 ParOldGen       total 113152K, used 10986K [0x0000000760000000, 0x0000000766e80000, 0x00000007a0000000)
  object space 113152K, 9% used [0x0000000760000000,0x0000000760abaa90,0x0000000766e80000)
 Metaspace       used 31553K, capacity 32148K, committed 32512K, reserved 1077248K
  class space    used 4355K, capacity 4555K, committed 4608K, reserved 1048576K
Event: 4.326 GC heap after
Heap after GC invocations=5 (full 1):
 PSYoungGen      total 199168K, used 10726K [0x00000007a0000000, 0x00000007b1500000, 0x00000007c0000000)
  eden space 188416K, 0% used [0x00000007a0000000,0x00000007a0000000,0x00000007ab800000)
  from space 10752K, 99% used [0x00000007b0a80000,0x00000007b14f98f8,0x00000007b1500000)
  to   space 10752K, 0% used [0x00000007b0000000,0x00000007b0000000,0x00000007b0a80000)
 ParOldGen       total 113152K, used 13171K [0x0000000760000000, 0x0000000766e80000, 0x00000007a0000000)
  object space 113152K, 11% used [0x0000000760000000,0x0000000760cdcdd8,0x0000000766e80000)
 Metaspace       used 31553K, capacity 32148K, committed 32512K, reserved 1077248K
  class space    used 4355K, capacity 4555K, committed 4608K, reserved 1048576K
}
Event: 5.168 GC heap before
{Heap before GC invocations=6 (full 1):
 PSYoungGen      total 199168K, used 76026K [0x00000007a0000000, 0x00000007b1500000, 0x00000007c0000000)
  eden space 188416K, 34% used [0x00000007a0000000,0x00000007a3fc4f70,0x00000007ab800000)
  from space 10752K, 99% used [0x00000007b0a80000,0x00000007b14f98f8,0x00000007b1500000)
  to   space 10752K, 0% used [0x00000007b0000000,0x00000007b0000000,0x00000007b0a80000)
 ParOldGen       total 113152K, used 13171K [0x0000000760000000, 0x0000000766e80000, 0x00000007a0000000)
  object space 113152K, 11% used [0x0000000760000000,0x0000000760cdcdd8,0x0000000766e80000)
 Metaspace       used 34568K, capacity 35384K, committed 35456K, reserved 1079296K
  class space    used 4754K, capacity 4959K, committed 4992K, reserved 1048576K
Event: 5.183 GC heap after
Heap after GC invocations=6 (full 1):
 PSYoungGen      total 272896K, used 10733K [0x00000007a0000000, 0x00000007b2880000, 0x00000007c0000000)
  eden space 262144K, 0% used [0x00000007a0000000,0x00000007a0000000,0x00000007b0000000)
  from space 10752K, 99% used [0x00000007b0000000,0x00000007b0a7b718,0x00000007b0a80000)
  to   space 14848K, 0% used [0x00000007b1a00000,0x00000007b1a00000,0x00000007b2880000)
 ParOldGen       total 113152K, used 13281K [0x0000000760000000, 0x0000000766e80000, 0x00000007a0000000)
  object space 113152K, 11% used [0x0000000760000000,0x0000000760cf85b8,0x0000000766e80000)
 Metaspace       used 34568K, capacity 35384K, committed 35456K, reserved 1079296K
  class space    used 4754K, capacity 4959K, committed 4992K, reserved 1048576K
}
Event: 5.183 GC heap before
{Heap before GC invocations=7 (full 2):
 PSYoungGen      total 272896K, used 10733K [0x00000007a0000000, 0x00000007b2880000, 0x00000007c0000000)
  eden space 262144K, 0% used [0x00000007a0000000,0x00000007a0000000,0x00000007b0000000)
  from space 10752K, 99% used [0x00000007b0000000,0x00000007b0a7b718,0x00000007b0a80000)
  to   space 14848K, 0% used [0x00000007b1a00000,0x00000007b1a00000,0x00000007b2880000)
 ParOldGen       total 113152K, used 13281K [0x0000000760000000, 0x0000000766e80000, 0x00000007a0000000)
  object space 113152K, 11% used [0x0000000760000000,0x0000000760cf85b8,0x0000000766e80000)
 Metaspace       used 34568K, capacity 35384K, committed 35456K, reserved 1079296K
  class space    used 4754K, capacity 4959K, committed 4992K, reserved 1048576K
Event: 5.252 GC heap after
Heap after GC invocations=7 (full 2):
 PSYoungGen      total 272896K, used 0K [0x00000007a0000000, 0x00000007b2880000, 0x00000007c0000000)
  eden space 262144K, 0% used [0x00000007a0000000,0x00000007a0000000,0x00000007b0000000)
  from space 10752K, 0% used [0x00000007b0000000,0x00000007b0000000,0x00000007b0a80000)
  to   space 14848K, 0% used [0x00000007b1a00000,0x00000007b1a00000,0x00000007b2880000)
 ParOldGen       total 182784K, used 18221K [0x0000000760000000, 0x000000076b280000, 0x00000007a0000000)
  object space 182784K, 9% used [0x0000000760000000,0x00000007611cb790,0x000000076b280000)
 Metaspace       used 34564K, capacity 35372K, committed 35456K, reserved 1079296K
  class space    used 4753K, capacity 4957K, committed 4992K, reserved 1048576K
}

Deoptimization events (10 events):
Event: 5.419 Thread 0x00007fc8f7851000 Uncommon trap: reason=predicate action=maybe_recompile pc=0x000000010a662dbc method=java.util.Arrays.binarySearch0([Ljava/lang/Object;IILjava/lang/Object;Ljava/util/Comparator;)I @ 28
Event: 5.481 Thread 0x00007fc8f7851000 Uncommon trap: reason=unstable_if action=reinterpret pc=0x000000010a204c68 method=sun.misc.MetaIndex.mayContain(Ljava/lang/String;)Z @ 38
Event: 5.481 Thread 0x00007fc8f7851000 Uncommon trap: reason=unstable_if action=reinterpret pc=0x000000010a4b3244 method=java.security.CodeSource.hashCode()I @ 4
Event: 6.149 Thread 0x00007fc8f7851000 Uncommon trap: reason=unstable_if action=reinterpret pc=0x000000010a4232b8 method=java.util.jar.JarFile.maybeInstantiateVerifier()V @ 75
Event: 6.201 Thread 0x00007fc8f7851000 Uncommon trap: reason=unstable_if action=reinterpret pc=0x000000010a082c60 method=java.lang.CharacterDataLatin1.isWhitespace(I)Z @ 14
Event: 6.248 Thread 0x00007fc8f7851000 Uncommon trap: reason=unstable_if action=reinterpret pc=0x000000010a0887b0 method=java.util.jar.JarFile.maybeInstantiateVerifier()V @ 4
Event: 6.250 Thread 0x00007fc8f7851000 Uncommon trap: reason=unstable_if action=reinterpret pc=0x000000010a1d0810 method=java.security.CodeSource.getCertificates()[Ljava/security/cert/Certificate; @ 22
Event: 6.251 Thread 0x00007fc8f7851000 Uncommon trap: reason=unstable_if action=reinterpret pc=0x000000010a3eddc8 method=java.util.jar.JarFile.maybeInstantiateVerifier()V @ 4
Event: 6.277 Thread 0x00007fc8f7851000 Uncommon trap: reason=unstable_if action=reinterpret pc=0x000000010a61dbc0 method=java.util.LinkedHashMap.get(Ljava/lang/Object;)Ljava/lang/Object; @ 20
Event: 6.369 Thread 0x00007fc8f7851000 Uncommon trap: reason=unstable_if action=reinterpret pc=0x000000010a493938 method=org.objectweb.asm.ByteVector.putUTF8(Ljava/lang/String;)Lorg/objectweb/asm/ByteVector; @ 93

Classes redefined (0 events):
No events

Internal exceptions (10 events):
Event: 5.088 Thread 0x00007fc8f7851000 Exception <a 'java/lang/ClassNotFoundException': org/gradle/api/internal/AbstractTaskBeanInfo> (0x00000007a3862130) thrown at [/Volumes/Android/buildbot/src/googleplex-android/openjdk/out/hotspot/src/share/vm/classfile/systemDictionary.cpp, line 210]
Event: 5.089 Thread 0x00007fc8f7851000 Exception <a 'java/lang/ClassNotFoundException': org/gradle/api/internal/AbstractTaskCustomizer> (0x00000007a38931d8) thrown at [/Volumes/Android/buildbot/src/googleplex-android/openjdk/out/hotspot/src/share/vm/classfile/systemDictionary.cpp, line 210]
Event: 5.096 Thread 0x00007fc8f7851000 Exception <a 'java/lang/ClassNotFoundException': org/gradle/api/DefaultTaskCustomizer> (0x00000007a391d498) thrown at [/Volumes/Android/buildbot/src/googleplex-android/openjdk/out/hotspot/src/share/vm/classfile/systemDictionary.cpp, line 210]
Event: 5.098 Thread 0x00007fc8f7851000 Exception <a 'java/lang/ClassNotFoundException': org/gradle/api/internal/ConventionTaskCustomizer> (0x00000007a395dd68) thrown at [/Volumes/Android/buildbot/src/googleplex-android/openjdk/out/hotspot/src/share/vm/classfile/systemDictionary.cpp, line 210]
Event: 5.100 Thread 0x00007fc8f7851000 Exception <a 'java/lang/ClassNotFoundException': org/gradle/api/tasks/DeleteCustomizer> (0x00000007a399b558) thrown at [/Volumes/Android/buildbot/src/googleplex-android/openjdk/out/hotspot/src/share/vm/classfile/systemDictionary.cpp, line 210]
Event: 5.102 Thread 0x00007fc8f7851000 Exception <a 'java/lang/ClassNotFoundException': org/gradle/api/tasks/Delete_DecoratedCustomizer> (0x00000007a39e64f0) thrown at [/Volumes/Android/buildbot/src/googleplex-android/openjdk/out/hotspot/src/share/vm/classfile/systemDictionary.cpp, line 210]
Event: 5.129 Thread 0x00007fc8f7851000 Exception <a 'java/lang/ClassNotFoundException': build_83lawx2o4wxy24gwsu2cgezjgBeanInfo> (0x00000007a3b00588) thrown at [/Volumes/Android/buildbot/src/googleplex-android/openjdk/out/hotspot/src/share/vm/classfile/systemDictionary.cpp, line 210]
Event: 5.129 Thread 0x00007fc8f7851000 Exception <a 'java/lang/ClassNotFoundException': build_83lawx2o4wxy24gwsu2cgezjgCustomizer> (0x00000007a3b0ca18) thrown at [/Volumes/Android/buildbot/src/googleplex-android/openjdk/out/hotspot/src/share/vm/classfile/systemDictionary.cpp, line 210]
Event: 5.136 Thread 0x00007fc8f7851000 Exception <a 'java/lang/ClassNotFoundException': org/gradle/api/internal/plugins/DefaultObjectConfigurationActionBeanInfo> (0x00000007a3b7ef10) thrown at [/Volumes/Android/buildbot/src/googleplex-android/openjdk/out/hotspot/src/share/vm/classfile/systemDi
Event: 5.137 Thread 0x00007fc8f7851000 Exception <a 'java/lang/ClassNotFoundException': org/gradle/api/internal/plugins/DefaultObjectConfigurationActionCustomizer> (0x00000007a3bbf218) thrown at [/Volumes/Android/buildbot/src/googleplex-android/openjdk/out/hotspot/src/share/vm/classfile/system

Events (10 events):
Event: 6.381 loading class com/android/build/gradle/internal/dsl/JavaCompileOptions
Event: 6.381 loading class com/android/build/gradle/internal/dsl/JavaCompileOptions done
Event: 6.382 loading class com/android/build/gradle/internal/dsl/NdkOptions
Event: 6.382 loading class com/android/build/gradle/internal/dsl/NdkOptions done
Event: 6.382 loading class com/android/builder/core/DefaultProductFlavor$DimensionRequest
Event: 6.382 loading class com/android/builder/core/DefaultProductFlavor$DimensionRequest done
Event: 6.384 loading class org/gradle/api/logging/Logger
Event: 6.384 loading class org/gradle/api/logging/Logger done
Event: 6.384 loading class com/android/build/gradle/internal/dsl/ShaderOptions
Event: 6.384 loading class com/android/build/gradle/internal/dsl/ShaderOptions done


Dynamic libraries:
0x00007fff30cd0000 	/System/Library/Frameworks/Cocoa.framework/Versions/A/Cocoa
0x00007fff3caa4000 	/System/Library/Frameworks/Security.framework/Versions/A/Security
0x00007fff2f963000 	/System/Library/Frameworks/ApplicationServices.framework/Versions/A/ApplicationServices
0x00007fff5cc0d000 	/usr/lib/libz.1.dylib
0x00007fff5a4f0000 	/usr/lib/libSystem.B.dylib
0x00007fff31553000 	/System/Library/Frameworks/CoreFoundation.framework/Versions/A/CoreFoundation
0x00007fff337f3000 	/System/Library/Frameworks/Foundation.framework/Versions/C/Foundation
0x00007fff5bda7000 	/usr/lib/libobjc.A.dylib
0x00007fff2eb5c000 	/System/Library/Frameworks/AppKit.framework/Versions/C/AppKit
0x00007fff310ce000 	/System/Library/Frameworks/CoreData.framework/Versions/A/CoreData
0x00007fff53fb6000 	/System/Library/PrivateFrameworks/RemoteViewServices.framework/Versions/A/RemoteViewServices
0x00007fff5822d000 	/System/Library/PrivateFrameworks/UIFoundation.framework/Versions/A/UIFoundation
0x00007fff59911000 	/System/Library/PrivateFrameworks/XCTTargetBootstrap.framework/Versions/A/XCTTargetBootstrap
0x00007fff31462000 	/System/Library/Frameworks/CoreDisplay.framework/Versions/A/CoreDisplay
0x00007fff4ecec000 	/System/Library/PrivateFrameworks/IconServices.framework/Versions/A/IconServices
0x00007fff36119000 	/System/Library/Frameworks/Metal.framework/Versions/A/Metal
0x00007fff4622f000 	/System/Library/PrivateFrameworks/DesktopServicesPriv.framework/Versions/A/DesktopServicesPriv
0x00007fff5b10a000 	/usr/lib/libenergytrace.dylib
0x00007fff56714000 	/System/Library/PrivateFrameworks/SkyLight.framework/Versions/A/SkyLight
0x00007fff3199a000 	/System/Library/Frameworks/CoreGraphics.framework/Versions/A/CoreGraphics
0x00007fff2d746000 	/System/Library/Frameworks/Accelerate.framework/Versions/A/Accelerate
0x00007fff33f3c000 	/System/Library/Frameworks/IOSurface.framework/Versions/A/IOSurface
0x00007fff4609b000 	/System/Library/PrivateFrameworks/DFRFoundation.framework/Versions/A/DFRFoundation
0x00007fff2fe46000 	/System/Library/Frameworks/AudioToolbox.framework/Versions/A/AudioToolbox
0x00007fff300bf000 	/System/Library/Frameworks/AudioUnit.framework/Versions/A/AudioUnit
0x00007fff46130000 	/System/Library/PrivateFrameworks/DataDetectorsCore.framework/Versions/A/DataDetectorsCore
0x00007fff307d3000 	/System/Library/Frameworks/Carbon.framework/Versions/A/Frameworks/HIToolbox.framework/Versions/A/HIToolbox
0x00007fff5b263000 	/usr/lib/libicucore.A.dylib
0x00007fff3c018000 	/System/Library/Frameworks/QuartzCore.framework/Versions/A/QuartzCore
0x00007fff30ba8000 	/System/Library/Frameworks/Carbon.framework/Versions/A/Frameworks/SpeechRecognition.framework/Versions/A/SpeechRecognition
0x00007fff5a6c4000 	/usr/lib/libauto.dylib
0x00007fff5cb01000 	/usr/lib/libxml2.2.dylib
0x00007fff45c76000 	/System/Library/PrivateFrameworks/CoreUI.framework/Versions/A/CoreUI
0x00007fff30fb9000 	/System/Library/Frameworks/CoreAudio.framework/Versions/A/CoreAudio
0x00007fff33628000 	/System/Library/Frameworks/DiskArbitration.framework/Versions/A/DiskArbitration
0x00007fff5b511000 	/usr/lib/liblangid.dylib
0x00007fff500f7000 	/System/Library/PrivateFrameworks/MultitouchSupport.framework/Versions/A/MultitouchSupport
0x00007fff33eab000 	/System/Library/Frameworks/IOKit.framework/Versions/A/IOKit
0x00007fff5a0b0000 	/usr/lib/libDiagnosticMessagesClient.dylib
0x00007fff327c6000 	/System/Library/Frameworks/CoreServices.framework/Versions/A/CoreServices
0x00007fff51db1000 	/System/Library/PrivateFrameworks/PerformanceAnalysis.framework/Versions/A/PerformanceAnalysis
0x00007fff3b206000 	/System/Library/Frameworks/OpenGL.framework/Versions/A/OpenGL
0x00007fff30cde000 	/System/Library/Frameworks/ColorSync.framework/Versions/A/ColorSync
0x00007fff32048000 	/System/Library/Frameworks/CoreImage.framework/Versions/A/CoreImage
0x00007fff3319e000 	/System/Library/Frameworks/CoreText.framework/Versions/A/CoreText
0x00007fff33f9f000 	/System/Library/Frameworks/ImageIO.framework/Versions/A/ImageIO
0x00007fff422c8000 	/System/Library/PrivateFrameworks/Backup.framework/Versions/A/Backup
0x00007fff5a597000 	/usr/lib/libarchive.2.dylib
0x00007fff30418000 	/System/Library/Frameworks/CFNetwork.framework/Versions/A/CFNetwork
0x00007fff3d200000 	/System/Library/Frameworks/SystemConfiguration.framework/Versions/A/SystemConfiguration
0x00007fff59fe1000 	/usr/lib/libCRFSuite.dylib
0x00007fff5a7b3000 	/usr/lib/libc++.1.dylib
0x00007fff5a807000 	/usr/lib/libc++abi.dylib
0x00007fff5d403000 	/usr/lib/system/libcache.dylib
0x00007fff5d408000 	/usr/lib/system/libcommonCrypto.dylib
0x00007fff5d413000 	/usr/lib/system/libcompiler_rt.dylib
0x00007fff5d41b000 	/usr/lib/system/libcopyfile.dylib
0x00007fff5d425000 	/usr/lib/system/libcorecrypto.dylib
0x00007fff5d530000 	/usr/lib/system/libdispatch.dylib
0x00007fff5d56a000 	/usr/lib/system/libdyld.dylib
0x00007fff5d597000 	/usr/lib/system/libkeymgr.dylib
0x00007fff5d5a5000 	/usr/lib/system/liblaunch.dylib
0x00007fff5d5a6000 	/usr/lib/system/libmacho.dylib
0x00007fff5d5ac000 	/usr/lib/system/libquarantine.dylib
0x00007fff5d5af000 	/usr/lib/system/libremovefile.dylib
0x00007fff5d5b1000 	/usr/lib/system/libsystem_asl.dylib
0x00007fff5d5c9000 	/usr/lib/system/libsystem_blocks.dylib
0x00007fff5d5ca000 	/usr/lib/system/libsystem_c.dylib
0x00007fff5d652000 	/usr/lib/system/libsystem_configuration.dylib
0x00007fff5d656000 	/usr/lib/system/libsystem_coreservices.dylib
0x00007fff5d65a000 	/usr/lib/system/libsystem_darwin.dylib
0x00007fff5d661000 	/usr/lib/system/libsystem_dnssd.dylib
0x00007fff5d668000 	/usr/lib/system/libsystem_info.dylib
0x00007fff5d6dd000 	/usr/lib/system/libsystem_m.dylib
0x00007fff5d729000 	/usr/lib/system/libsystem_malloc.dylib
0x00007fff5d754000 	/usr/lib/system/libsystem_networkextension.dylib
0x00007fff5d75f000 	/usr/lib/system/libsystem_notify.dylib
0x00007fff5d77c000 	/usr/lib/system/libsystem_sandbox.dylib
0x00007fff5d780000 	/usr/lib/system/libsystem_secinit.dylib
0x00007fff5d6b4000 	/usr/lib/system/libsystem_kernel.dylib
0x00007fff5d767000 	/usr/lib/system/libsystem_platform.dylib
0x00007fff5d771000 	/usr/lib/system/libsystem_pthread.dylib
0x00007fff5d783000 	/usr/lib/system/libsystem_symptoms.dylib
0x00007fff5d78b000 	/usr/lib/system/libsystem_trace.dylib
0x00007fff5d7a2000 	/usr/lib/system/libunwind.dylib
0x00007fff5d7a8000 	/usr/lib/system/libxpc.dylib
0x00007fff5a794000 	/usr/lib/libbsm.0.dylib
0x00007fff5d598000 	/usr/lib/system/libkxld.dylib
0x00007fff416b9000 	/System/Library/PrivateFrameworks/AppleFSCompression.framework/Versions/A/AppleFSCompression
0x00007fff5a3b0000 	/usr/lib/libOpenScriptingUtil.dylib
0x00007fff5aabc000 	/usr/lib/libcoretls.dylib
0x00007fff5aad3000 	/usr/lib/libcoretls_cfhelpers.dylib
0x00007fff5c541000 	/usr/lib/libpam.2.dylib
0x00007fff5c701000 	/usr/lib/libsqlite3.dylib
0x00007fff5caef000 	/usr/lib/libxar.1.dylib
0x00007fff5a7a5000 	/usr/lib/libbz2.1.0.dylib
0x00007fff5b513000 	/usr/lib/liblzma.5.dylib
0x00007fff5b9c4000 	/usr/lib/libnetwork.dylib
0x00007fff5a580000 	/usr/lib/libapple_nghttp2.dylib
0x00007fff5c548000 	/usr/lib/libpcap.A.dylib
0x00007fff32b65000 	/System/Library/Frameworks/CoreServices.framework/Versions/A/Frameworks/FSEvents.framework/Versions/A/FSEvents
0x00007fff32844000 	/System/Library/Frameworks/CoreServices.framework/Versions/A/Frameworks/CarbonCore.framework/Versions/A/CarbonCore
0x00007fff32d20000 	/System/Library/Frameworks/CoreServices.framework/Versions/A/Frameworks/Metadata.framework/Versions/A/Metadata
0x00007fff32dbf000 	/System/Library/Frameworks/CoreServices.framework/Versions/A/Frameworks/OSServices.framework/Versions/A/OSServices
0x00007fff32e0a000 	/System/Library/Frameworks/CoreServices.framework/Versions/A/Frameworks/SearchKit.framework/Versions/A/SearchKit
0x00007fff327c7000 	/System/Library/Frameworks/CoreServices.framework/Versions/A/Frameworks/AE.framework/Versions/A/AE
0x00007fff32b6e000 	/System/Library/Frameworks/CoreServices.framework/Versions/A/Frameworks/LaunchServices.framework/Versions/A/LaunchServices
0x00007fff32b1c000 	/System/Library/Frameworks/CoreServices.framework/Versions/A/Frameworks/DictionaryServices.framework/Versions/A/DictionaryServices
0x00007fff32e72000 	/System/Library/Frameworks/CoreServices.framework/Versions/A/Frameworks/SharedFileList.framework/Versions/A/SharedFileList
0x00007fff371e1000 	/System/Library/Frameworks/NetFS.framework/Versions/A/NetFS
0x00007fff5035d000 	/System/Library/PrivateFrameworks/NetAuth.framework/Versions/A/NetAuth
0x00007fff59d15000 	/System/Library/PrivateFrameworks/login.framework/Versions/A/Frameworks/loginsupport.framework/Versions/A/loginsupport
0x00007fff57e36000 	/System/Library/PrivateFrameworks/TCC.framework/Versions/A/TCC
0x00007fff452d3000 	/System/Library/PrivateFrameworks/CoreNLP.framework/Versions/A/CoreNLP
0x00007fff4fdf2000 	/System/Library/PrivateFrameworks/MetadataUtilities.framework/Versions/A/MetadataUtilities
0x00007fff5b5e8000 	/usr/lib/libmecabra.dylib
0x00007fff2f964000 	/System/Library/Frameworks/ApplicationServices.framework/Versions/A/Frameworks/ATS.framework/Versions/A/ATS
0x00007fff2fcb3000 	/System/Library/Frameworks/ApplicationServices.framework/Versions/A/Frameworks/ColorSyncLegacy.framework/Versions/A/ColorSyncLegacy
0x00007fff2fd52000 	/System/Library/Frameworks/ApplicationServices.framework/Versions/A/Frameworks/HIServices.framework/Versions/A/HIServices
0x00007fff2fda5000 	/System/Library/Frameworks/ApplicationServices.framework/Versions/A/Frameworks/LangAnalysis.framework/Versions/A/LangAnalysis
0x00007fff2fdb5000 	/System/Library/Frameworks/ApplicationServices.framework/Versions/A/Frameworks/PrintCore.framework/Versions/A/PrintCore
0x00007fff2fdff000 	/System/Library/Frameworks/ApplicationServices.framework/Versions/A/Frameworks/QD.framework/Versions/A/QD
0x00007fff2fe39000 	/System/Library/Frameworks/ApplicationServices.framework/Versions/A/Frameworks/SpeechSynthesis.framework/Versions/A/SpeechSynthesis
0x00007fff5a82f000 	/usr/lib/libcompression.dylib
0x00007fff363e9000 	/System/Library/Frameworks/MetalPerformanceShaders.framework/Versions/A/MetalPerformanceShaders
0x00007fff2d75e000 	/System/Library/Frameworks/Accelerate.framework/Versions/A/Frameworks/vImage.framework/Versions/A/vImage
0x00007fff2e9ba000 	/System/Library/Frameworks/Accelerate.framework/Versions/A/Frameworks/vecLib.framework/Versions/A/vecLib
0x00007fff2e845000 	/System/Library/Frameworks/Accelerate.framework/Versions/A/Frameworks/vecLib.framework/Versions/A/libvMisc.dylib
0x00007fff2e6a4000 	/System/Library/Frameworks/Accelerate.framework/Versions/A/Frameworks/vecLib.framework/Versions/A/libvDSP.dylib
0x00007fff2e053000 	/System/Library/Frameworks/Accelerate.framework/Versions/A/Frameworks/vecLib.framework/Versions/A/libBLAS.dylib
0x00007fff2e23f000 	/System/Library/Frameworks/Accelerate.framework/Versions/A/Frameworks/vecLib.framework/Versions/A/libLAPACK.dylib
0x00007fff2e5f8000 	/System/Library/Frameworks/Accelerate.framework/Versions/A/Frameworks/vecLib.framework/Versions/A/libLinearAlgebra.dylib
0x00007fff2e691000 	/System/Library/Frameworks/Accelerate.framework/Versions/A/Frameworks/vecLib.framework/Versions/A/libSparseBLAS.dylib
0x00007fff2e60e000 	/System/Library/Frameworks/Accelerate.framework/Versions/A/Frameworks/vecLib.framework/Versions/A/libQuadrature.dylib
0x00007fff2e1fa000 	/System/Library/Frameworks/Accelerate.framework/Versions/A/Frameworks/vecLib.framework/Versions/A/libBNNS.dylib
0x00007fff2e614000 	/System/Library/Frameworks/Accelerate.framework/Versions/A/Frameworks/vecLib.framework/Versions/A/libSparse.dylib
0x00007fff4c621000 	/System/Library/PrivateFrameworks/GPUWrangler.framework/Versions/A/GPUWrangler
0x00007fff4e921000 	/System/Library/PrivateFrameworks/IOAccelerator.framework/Versions/A/IOAccelerator
0x00007fff4e92c000 	/System/Library/PrivateFrameworks/IOPresentment.framework/Versions/A/IOPresentment
0x00007fff460ab000 	/System/Library/PrivateFrameworks/DSExternalDisplay.framework/Versions/A/DSExternalDisplay
0x00007fff3a65d000 	/System/Library/Frameworks/OpenGL.framework/Versions/A/Libraries/libCoreFSCache.dylib
0x00007fff361dd000 	/System/Library/Frameworks/MetalPerformanceShaders.framework/Frameworks/MPSCore.framework/Versions/A/MPSCore
0x00007fff361fd000 	/System/Library/Frameworks/MetalPerformanceShaders.framework/Frameworks/MPSImage.framework/Versions/A/MPSImage
0x00007fff362a2000 	/System/Library/Frameworks/MetalPerformanceShaders.framework/Frameworks/MPSNeuralNetwork.framework/Versions/A/MPSNeuralNetwork
0x00007fff3627a000 	/System/Library/Frameworks/MetalPerformanceShaders.framework/Frameworks/MPSMatrix.framework/Versions/A/MPSMatrix
0x00007fff363ce000 	/System/Library/Frameworks/MetalPerformanceShaders.framework/Frameworks/MPSRayIntersector.framework/Versions/A/MPSRayIntersector
0x00007fff4fe1b000 	/System/Library/PrivateFrameworks/MetalTools.framework/Versions/A/MetalTools
0x00007fff40f63000 	/System/Library/PrivateFrameworks/AggregateDictionary.framework/Versions/A/AggregateDictionary
0x00007fff5a390000 	/usr/lib/libMobileGestalt.dylib
0x00007fff33301000 	/System/Library/Frameworks/CoreVideo.framework/Versions/A/CoreVideo
0x00007fff4d432000 	/System/Library/PrivateFrameworks/GraphVisualizer.framework/Versions/A/GraphVisualizer
0x00007fff472b1000 	/System/Library/PrivateFrameworks/FaceCore.framework/Versions/A/FaceCore
0x00007fff39c8b000 	/System/Library/Frameworks/OpenCL.framework/Versions/A/OpenCL
0x00007fff5a0e8000 	/usr/lib/libFosl_dynamic.dylib
0x00007fff50bc8000 	/System/Library/PrivateFrameworks/OTSVG.framework/Versions/A/OTSVG
0x00007fff2fa68000 	/System/Library/Frameworks/ApplicationServices.framework/Versions/A/Frameworks/ATS.framework/Versions/A/Resources/libFontParser.dylib
0x00007fff2fb80000 	/System/Library/Frameworks/ApplicationServices.framework/Versions/A/Frameworks/ATS.framework/Versions/A/Resources/libFontRegistry.dylib
0x00007fff34211000 	/System/Library/Frameworks/ImageIO.framework/Versions/A/Resources/libJPEG.dylib
0x00007fff34524000 	/System/Library/Frameworks/ImageIO.framework/Versions/A/Resources/libTIFF.dylib
0x00007fff344fa000 	/System/Library/Frameworks/ImageIO.framework/Versions/A/Resources/libPng.dylib
0x00007fff3412e000 	/System/Library/Frameworks/ImageIO.framework/Versions/A/Resources/libGIF.dylib
0x00007fff34133000 	/System/Library/Frameworks/ImageIO.framework/Versions/A/Resources/libJP2.dylib
0x00007fff34521000 	/System/Library/Frameworks/ImageIO.framework/Versions/A/Resources/libRadiance.dylib
0x00007fff41810000 	/System/Library/PrivateFrameworks/AppleJPEG.framework/Versions/A/AppleJPEG
0x00007fff3a668000 	/System/Library/Frameworks/OpenGL.framework/Versions/A/Libraries/libGFXShared.dylib
0x00007fff3a82b000 	/System/Library/Frameworks/OpenGL.framework/Versions/A/Libraries/libGLU.dylib
0x00007fff3a671000 	/System/Library/Frameworks/OpenGL.framework/Versions/A/Libraries/libGL.dylib
0x00007fff3a67d000 	/System/Library/Frameworks/OpenGL.framework/Versions/A/Libraries/libGLImage.dylib
0x00007fff3a65a000 	/System/Library/Frameworks/OpenGL.framework/Versions/A/Libraries/libCVMSPluginSupport.dylib
0x00007fff3a663000 	/System/Library/Frameworks/OpenGL.framework/Versions/A/Libraries/libCoreVMClient.dylib
0x00007fff5af80000 	/usr/lib/libcups.2.dylib
0x00007fff356e4000 	/System/Library/Frameworks/Kerberos.framework/Versions/A/Kerberos
0x00007fff33c0f000 	/System/Library/Frameworks/GSS.framework/Versions/A/GSS
0x00007fff5c696000 	/usr/lib/libresolv.9.dylib
0x00007fff5b172000 	/usr/lib/libiconv.2.dylib
0x00007fff4d5a7000 	/System/Library/PrivateFrameworks/Heimdal.framework/Versions/A/Heimdal
0x00007fff5b142000 	/usr/lib/libheimdal-asn1.dylib
0x00007fff39cff000 	/System/Library/Frameworks/OpenDirectory.framework/Versions/A/OpenDirectory
0x00007fff44036000 	/System/Library/PrivateFrameworks/CommonAuth.framework/Versions/A/CommonAuth
0x00007fff39ce3000 	/System/Library/Frameworks/OpenDirectory.framework/Versions/A/Frameworks/CFOpenDirectory.framework/Versions/A/CFOpenDirectory
0x00007fff3cda5000 	/System/Library/Frameworks/SecurityFoundation.framework/Versions/A/SecurityFoundation
0x00007fff404a9000 	/System/Library/PrivateFrameworks/APFS.framework/Versions/A/APFS
0x00007fff5caeb000 	/usr/lib/libutil.dylib
0x00007fff5a81d000 	/usr/lib/libcharset.1.dylib
0x00007fff41aad000 	/System/Library/PrivateFrameworks/AppleSauce.framework/Versions/A/AppleSauce
0x00007fff41c2e000 	/System/Library/PrivateFrameworks/AssertionServices.framework/Versions/A/AssertionServices
0x00007fff4235e000 	/System/Library/PrivateFrameworks/BaseBoard.framework/Versions/A/BaseBoard
0x00007fff5b543000 	/usr/lib/libmecab.1.0.0.dylib
0x00007fff5b13c000 	/usr/lib/libgermantok.dylib
0x00007fff5a56d000 	/usr/lib/libThaiTokenizer.dylib
0x00007fff5a018000 	/usr/lib/libChineseTokenizer.dylib
0x00007fff4efd9000 	/System/Library/PrivateFrameworks/LanguageModeling.framework/Versions/A/LanguageModeling
0x00007fff44d18000 	/System/Library/PrivateFrameworks/CoreEmoji.framework/Versions/A/CoreEmoji
0x00007fff4f0b5000 	/System/Library/PrivateFrameworks/Lexicon.framework/Versions/A/Lexicon
0x00007fff4f0f8000 	/System/Library/PrivateFrameworks/LinguisticData.framework/Versions/A/LinguisticData
0x00007fff5a81e000 	/usr/lib/libcmph.dylib
0x00007fff3ce63000 	/System/Library/Frameworks/ServiceManagement.framework/Versions/A/ServiceManagement
0x00007fff422bf000 	/System/Library/PrivateFrameworks/BackgroundTaskManagement.framework/Versions/A/BackgroundTaskManagement
0x00007fff5cbe4000 	/usr/lib/libxslt.1.dylib
0x00007fff30ad5000 	/System/Library/Frameworks/Carbon.framework/Versions/A/Frameworks/Ink.framework/Versions/A/Ink
0x00007fff580a8000 	/System/Library/PrivateFrameworks/TextureIO.framework/Versions/A/TextureIO
0x00007fff5a5c1000 	/usr/lib/libate.dylib
0x00007fff45ffa000 	/System/Library/PrivateFrameworks/CrashReporterSupport.framework/Versions/A/CrashReporterSupport
0x00007fff557e2000 	/System/Library/PrivateFrameworks/Sharing.framework/Versions/A/Sharing
0x00007fff42011000 	/System/Library/PrivateFrameworks/AuthKit.framework/Versions/A/AuthKit
0x00007fff41565000 	/System/Library/PrivateFrameworks/Apple80211.framework/Versions/A/Apple80211
0x00007fff45da2000 	/System/Library/PrivateFrameworks/CoreUtils.framework/Versions/A/CoreUtils
0x00007fff33342000 	/System/Library/Frameworks/CoreWLAN.framework/Versions/A/CoreWLAN
0x00007fff33d3e000 	/System/Library/Frameworks/IOBluetooth.framework/Versions/A/IOBluetooth
0x00007fff53c52000 	/System/Library/PrivateFrameworks/ProtocolBuffer.framework/Versions/A/ProtocolBuffer
0x00007fff50053000 	/System/Library/PrivateFrameworks/MobileKeyBag.framework/Versions/A/MobileKeyBag
0x00007fff455e6000 	/System/Library/PrivateFrameworks/CorePhoneNumbers.framework/Versions/A/CorePhoneNumbers
0x00007fff417c4000 	/System/Library/PrivateFrameworks/AppleIDAuthSupport.framework/Versions/A/AppleIDAuthSupport
0x00007fff4efac000 	/System/Library/PrivateFrameworks/KeychainCircle.framework/Versions/A/KeychainCircle
0x00007fff53e08000 	/System/Library/PrivateFrameworks/ROCKit.framework/Versions/A/ROCKit
0x00007fff45f96000 	/System/Library/PrivateFrameworks/CoreWiFi.framework/Versions/A/CoreWiFi
0x00007fff310a3000 	/System/Library/Frameworks/CoreBluetooth.framework/Versions/A/CoreBluetooth
0x00007fff461f1000 	/System/Library/PrivateFrameworks/DebugSymbols.framework/Versions/A/DebugSymbols
0x00007fff45b62000 	/System/Library/PrivateFrameworks/CoreSymbolication.framework/Versions/A/CoreSymbolication
0x00007fff578c3000 	/System/Library/PrivateFrameworks/Symbolication.framework/Versions/A/Symbolication
0x00007fff57166000 	/System/Library/PrivateFrameworks/SpeechRecognitionCore.framework/Versions/A/SpeechRecognitionCore
0x0000000105000000 	/Applications/Android Studio.app/Contents/jre/jdk/Contents/Home/jre/lib/server/libjvm.dylib
0x00007fff5c9c6000 	/usr/lib/libstdc++.6.dylib
0x00000001047d9000 	/Applications/Android Studio.app/Contents/jre/jdk/Contents/Home/jre/lib/libverify.dylib
0x0000000105e77000 	/Applications/Android Studio.app/Contents/jre/jdk/Contents/Home/jre/lib/libjava.dylib
0x00000001047f0000 	/Applications/Android Studio.app/Contents/jre/jdk/Contents/Home/jre/lib/libzip.dylib
0x000000011aca3000 	/Applications/Android Studio.app/Contents/jre/jdk/Contents/Home/jre/lib/libnet.dylib
0x000000011a711000 	/Applications/Android Studio.app/Contents/jre/jdk/Contents/Home/jre/lib/libnio.dylib
0x000000011a6a0000 	/Users/gilbertoacevedo/.gradle/native/29/osx-amd64/libnative-platform.dylib
0x000000011b090000 	/Applications/Android Studio.app/Contents/jre/jdk/Contents/Home/jre/lib/libmanagement.dylib

VM Arguments:
jvm_args: -Xmx1536m -Dfile.encoding=UTF-8 -Duser.country=SV -Duser.language=en -Duser.variant 
java_command: org.gradle.launcher.daemon.bootstrap.GradleDaemon 5.4.1
java_class_path (initial): /Users/gilbertoacevedo/.gradle/wrapper/dists/gradle-5.4.1-all/3221gyojl5jsh0helicew7rwx/gradle-5.4.1/lib/gradle-launcher-5.4.1.jar
Launcher Type: SUN_STANDARD

Environment Variables:
PATH=/usr/local/bin:/usr/bin:/bin:/usr/sbin:/sbin
SHELL=/bin/bash

Signal Handlers:
SIGSEGV: [libjvm.dylib+0x55bff5], sa_mask[0]=11111111011111110111111111111111, sa_flags=SA_ONSTACK|SA_RESTART|SA_SIGINFO
SIGBUS: [libjvm.dylib+0x55bff5], sa_mask[0]=11111111011111110111111111111111, sa_flags=SA_RESTART|SA_SIGINFO
SIGFPE: [libjvm.dylib+0x453a89], sa_mask[0]=11111111011111110111111111111111, sa_flags=SA_RESTART|SA_SIGINFO
SIGPIPE: [libjvm.dylib+0x453a89], sa_mask[0]=11111111011111110111111111111111, sa_flags=SA_RESTART|SA_SIGINFO
SIGXFSZ: [libjvm.dylib+0x453a89], sa_mask[0]=11111111011111110111111111111111, sa_flags=SA_RESTART|SA_SIGINFO
SIGILL: [libjvm.dylib+0x453a89], sa_mask[0]=11111111011111110111111111111111, sa_flags=SA_RESTART|SA_SIGINFO
SIGUSR1: SIG_DFL, sa_mask[0]=00000000000000000000000000000000, sa_flags=none
SIGUSR2: [libjvm.dylib+0x454390], sa_mask[0]=00100000000000000000000000000000, sa_flags=SA_RESTART|SA_SIGINFO
SIGHUP: [libjvm.dylib+0x4525a3], sa_mask[0]=11111111011111110111111111111111, sa_flags=SA_RESTART|SA_SIGINFO
SIGINT: [libjvm.dylib+0x4525a3], sa_mask[0]=11111111011111110111111111111111, sa_flags=SA_RESTART|SA_SIGINFO
SIGTERM: [libjvm.dylib+0x4525a3], sa_mask[0]=11111111011111110111111111111111, sa_flags=SA_RESTART|SA_SIGINFO
SIGQUIT: [libjvm.dylib+0x4525a3], sa_mask[0]=11111111011111110111111111111111, sa_flags=SA_RESTART|SA_SIGINFO


---------------  S Y S T E M  ---------------

OS:Bsduname:Darwin 18.7.0 Darwin Kernel Version 18.7.0: Tue Aug 20 16:57:14 PDT 2019; root:xnu-4903.271.2~2/RELEASE_X86_64 x86_64
rlimit: STACK 8192k, CORE 0k, NPROC 1418, NOFILE 10240, AS infinity
load average:2.93 2.25 2.10

CPU:total 4 (initial active 4) (2 cores per cpu, 2 threads per core) family 6 model 58 stepping 9, cmov, cx8, fxsr, mmx, sse, sse2, sse3, ssse3, sse4.1, sse4.2, popcnt, avx, aes, clmul, erms, ht, tsc, tscinvbit, tscinv

Memory: 4k page, physical 16777216k(3670964k free)

/proc/meminfo:


vm_info: OpenJDK 64-Bit Server VM (25.202-b49-5587405) for bsd-amd64 JRE (1.8.0_202-release-1483-b49-5587405), built by "android-build" with gcc 4.2.1 Compatible Android (5058415 based on r339409) Clang 8.0.2 (https://android.googlesource.com/toolchain/clang 40173bab62ec746213857d083c0e8b0abb568790) (https://android.googlesource.com/toolchain/llvm 7a6618d69e7e8111e1d49dc9e7813767c5ca756a)

time: Mon Sep  9 19:18:25 2019
timezone: CST
elapsed time: 6 seconds (0d 0h 0m 6s)

